<html>
<head>
<title>TestNG:  Default test</title>
<link href="../testng.css" rel="stylesheet" type="text/css" />
<link href="../my-testng.css" rel="stylesheet" type="text/css" />

<style type="text/css">
.log { display: none;} 
.stack-trace { display: none;} 
</style>
<script type="text/javascript">
<!--
function flip(e) {
  current = e.style.display;
  if (current == 'block') {
    e.style.display = 'none';
    return 0;
  }
  else {
    e.style.display = 'block';
    return 1;
  }
}

function toggleBox(szDivId, elem, msg1, msg2)
{
  var res = -1;  if (document.getElementById) {
    res = flip(document.getElementById(szDivId));
  }
  else if (document.all) {
    // this is the way old msie versions work
    res = flip(document.all[szDivId]);
  }
  if(elem) {
    if(res == 0) elem.innerHTML = msg1; else elem.innerHTML = msg2;
  }

}

function toggleAllBoxes() {
  if (document.getElementsByTagName) {
    d = document.getElementsByTagName('div');
    for (i = 0; i < d.length; i++) {
      if (d[i].className == 'log') {
        flip(d[i]);
      }
    }
  }
}

// -->
</script>

</head>
<body>
<h2 align='center'>Default test</h2><table border='1' align="center">
<tr>
<td>Tests passed/Failed/Skipped:</td><td>0/2/0</td>
</tr><tr>
<td>Started on:</td><td>Mon Nov 25 15:51:34 EST 2024</td>
</tr>
<tr><td>Total time:</td><td>30 seconds (30515 ms)</td>
</tr><tr>
<td>Included groups:</td><td></td>
</tr><tr>
<td>Excluded groups:</td><td></td>
</tr>
</table><p/>
<small><i>(Hover the method name to see the test class name)</i></small><p/>
<table width='100%' border='1' class='invocation-failed'>
<tr><td colspan='4' align='center'><b>FAILED TESTS</b></td></tr>
<tr><td><b>Test method</b></td>
<td width="30%"><b>Exception</b></td>
<td width="10%"><b>Time (seconds)</b></td>
<td><b>Instance</b></td>
</tr>
<tr>
<td title='cucumber.TestNGTestRunner.runScenario()'><b>runScenario</b><br>Test class: cucumber.TestNGTestRunner<br>Test method: Runs Cucumber Scenarios<br>Parameters: "Positive test for submitting the order", "Purchase order from eCommerce website"</td>
<td><div><pre>java.lang.NullPointerException: Cannot invoke &quot;org.openqa.selenium.WebElement.findElement(org.openqa.selenium.By)&quot; because &quot;prod&quot; is null
	at SeleniumAutomationFramework.pageobjects.ProductCatologue.addProductToCart(ProductCatologue.java:60)
	at SeleniumAutomaiton.StepDefinitionFiles.StepDefinition.I_add_product_to_cart(StepDefinition.java:46)
	at ✽.I add product ZARA COAT  to cart(file:///C:/Users/amith/OneDrive/Documents/AmithaEclipseNew/SeleniumFrameworkDesign/src/test/java/cucumber/SubmitOrder.feature:11)
</pre></div><a href='#' onClick='toggleBox("stack-trace558455114", this, "Click to show all stack frames", "Click to hide stack frames")'>Click to show all stack frames</a>
<div class='stack-trace' id='stack-trace558455114'><pre>java.lang.NullPointerException: Cannot invoke &quot;org.openqa.selenium.WebElement.findElement(org.openqa.selenium.By)&quot; because &quot;prod&quot; is null
	at SeleniumAutomationFramework.pageobjects.ProductCatologue.addProductToCart(ProductCatologue.java:60)
	at SeleniumAutomaiton.StepDefinitionFiles.StepDefinition.I_add_product_to_cart(StepDefinition.java:46)
	at ✽.I add product ZARA COAT  to cart(file:///C:/Users/amith/OneDrive/Documents/AmithaEclipseNew/SeleniumFrameworkDesign/src/test/java/cucumber/SubmitOrder.feature:11)
</pre></div></td>
<td>11</td>
<td>cucumber.TestNGTestRunner@46cdf8bd</td></tr>
<tr>
<td title='cucumber.TestNGTestRunner.runScenario()'><b>runScenario</b><br>Test class: cucumber.TestNGTestRunner<br>Test method: Runs Cucumber Scenarios<br>Parameters: "Positive test for submitting the order", "Purchase order from eCommerce website"</td>
<td><div><pre>org.openqa.selenium.TimeoutException: Expected condition failed: waiting for visibility of element located by By.cssSelector: .mb-3 (tried for 5 second(s) with 500 milliseconds interval)
Build info: version: &apos;4.25.0&apos;, revision: &apos;8a8aea2337&apos;
System info: os.name: &apos;Windows 11&apos;, os.arch: &apos;amd64&apos;, os.version: &apos;10.0&apos;, java.version: &apos;21.0.3&apos;
Driver info: org.openqa.selenium.chrome.ChromeDriver
Capabilities {acceptInsecureCerts: false, browserName: chrome, browserVersion: 131.0.6778.86, chrome: {chromedriverVersion: 131.0.6778.85 (3d81e41b6f3a..., userDataDir: C:\Users\amith\AppData\Loca...}, fedcm:accounts: true, goog:chromeOptions: {debuggerAddress: localhost:58536}, networkConnectionEnabled: false, pageLoadStrategy: normal, platformName: windows, proxy: Proxy(), se:cdp: ws://localhost:58536/devtoo..., se:cdpVersion: 131.0.6778.86, setWindowRect: true, strictFileInteractability: false, timeouts: {implicit: 0, pageLoad: 300000, script: 30000}, unhandledPromptBehavior: dismiss and notify, webauthn:extension:credBlob: true, webauthn:extension:largeBlob: true, webauthn:extension:minPinLength: true, webauthn:extension:prf: true, webauthn:virtualAuthenticators: true}
Session ID: df662fc25f2c037a4aa7be3b4cd401b8
	at org.openqa.selenium.support.ui.WebDriverWait.timeoutException(WebDriverWait.java:84)
	at org.openqa.selenium.support.ui.FluentWait.until(FluentWait.java:228)
	at SeleniumAutomationFramework.AbstractComponents.AbstractComponents.waitForElementToAppear(AbstractComponents.java:31)
	at SeleniumAutomationFramework.pageobjects.ProductCatologue.getProductList(ProductCatologue.java:45)
	at SeleniumAutomaiton.StepDefinitionFiles.StepDefinition.I_add_product_to_cart(StepDefinition.java:45)
	at ✽.I add product ADIDAS ORIGINAL  to cart(file:///C:/Users/amith/OneDrive/Documents/AmithaEclipseNew/SeleniumFrameworkDesign/src/test/java/cucumber/SubmitOrder.feature:11)
</pre></div><a href='#' onClick='toggleBox("stack-trace324008184", this, "Click to show all stack frames", "Click to hide stack frames")'>Click to show all stack frames</a>
<div class='stack-trace' id='stack-trace324008184'><pre>org.openqa.selenium.TimeoutException: Expected condition failed: waiting for visibility of element located by By.cssSelector: .mb-3 (tried for 5 second(s) with 500 milliseconds interval)
Build info: version: &apos;4.25.0&apos;, revision: &apos;8a8aea2337&apos;
System info: os.name: &apos;Windows 11&apos;, os.arch: &apos;amd64&apos;, os.version: &apos;10.0&apos;, java.version: &apos;21.0.3&apos;
Driver info: org.openqa.selenium.chrome.ChromeDriver
Capabilities {acceptInsecureCerts: false, browserName: chrome, browserVersion: 131.0.6778.86, chrome: {chromedriverVersion: 131.0.6778.85 (3d81e41b6f3a..., userDataDir: C:\Users\amith\AppData\Loca...}, fedcm:accounts: true, goog:chromeOptions: {debuggerAddress: localhost:58536}, networkConnectionEnabled: false, pageLoadStrategy: normal, platformName: windows, proxy: Proxy(), se:cdp: ws://localhost:58536/devtoo..., se:cdpVersion: 131.0.6778.86, setWindowRect: true, strictFileInteractability: false, timeouts: {implicit: 0, pageLoad: 300000, script: 30000}, unhandledPromptBehavior: dismiss and notify, webauthn:extension:credBlob: true, webauthn:extension:largeBlob: true, webauthn:extension:minPinLength: true, webauthn:extension:prf: true, webauthn:virtualAuthenticators: true}
Session ID: df662fc25f2c037a4aa7be3b4cd401b8
	at org.openqa.selenium.support.ui.WebDriverWait.timeoutException(WebDriverWait.java:84)
	at org.openqa.selenium.support.ui.FluentWait.until(FluentWait.java:228)
	at SeleniumAutomationFramework.AbstractComponents.AbstractComponents.waitForElementToAppear(AbstractComponents.java:31)
	at SeleniumAutomationFramework.pageobjects.ProductCatologue.getProductList(ProductCatologue.java:45)
	at SeleniumAutomaiton.StepDefinitionFiles.StepDefinition.I_add_product_to_cart(StepDefinition.java:45)
	at ✽.I add product ADIDAS ORIGINAL  to cart(file:///C:/Users/amith/OneDrive/Documents/AmithaEclipseNew/SeleniumFrameworkDesign/src/test/java/cucumber/SubmitOrder.feature:11)
</pre></div></td>
<td>18</td>
<td>cucumber.TestNGTestRunner@46cdf8bd</td></tr>
</table><p>
</body>
</html>